Determining if the pthread_create exist failed with the following output:
Change Dir: /home/ppe2021/catkin_ws/build/CMakeFiles/CMakeTmp

Run Build Command:"/usr/bin/make" "cmTC_989fa/fast"
/usr/bin/make -f CMakeFiles/cmTC_989fa.dir/build.make CMakeFiles/cmTC_989fa.dir/build
make[1]: Entering directory '/home/ppe2021/catkin_ws/build/CMakeFiles/CMakeTmp'
Building C object CMakeFiles/cmTC_989fa.dir/CheckSymbolExists.c.o
/usr/bin/cc     -o CMakeFiles/cmTC_989fa.dir/CheckSymbolExists.c.o   -c /home/ppe2021/catkin_ws/build/CMakeFiles/CMakeTmp/CheckSymbolExists.c
Linking C executable cmTC_989fa
/usr/bin/cmake -E cmake_link_script CMakeFiles/cmTC_989fa.dir/link.txt --verbose=1
/usr/bin/cc       CMakeFiles/cmTC_989fa.dir/CheckSymbolExists.c.o  -o cmTC_989fa -rdynamic 
CMakeFiles/cmTC_989fa.dir/CheckSymbolExists.c.o: In function `main':
CheckSymbolExists.c:(.text+0x16): undefined reference to `pthread_create'
collect2: error: ld returned 1 exit status
CMakeFiles/cmTC_989fa.dir/build.make:97: recipe for target 'cmTC_989fa' failed
make[1]: *** [cmTC_989fa] Error 1
make[1]: Leaving directory '/home/ppe2021/catkin_ws/build/CMakeFiles/CMakeTmp'
Makefile:126: recipe for target 'cmTC_989fa/fast' failed
make: *** [cmTC_989fa/fast] Error 2

File /home/ppe2021/catkin_ws/build/CMakeFiles/CMakeTmp/CheckSymbolExists.c:
/* */
#include <pthread.h>

int main(int argc, char** argv)
{
  (void)argv;
#ifndef pthread_create
  return ((int*)(&pthread_create))[argc];
#else
  (void)argc;
  return 0;
#endif
}

Determining if the function pthread_create exists in the pthreads failed with the following output:
Change Dir: /home/ppe2021/catkin_ws/build/CMakeFiles/CMakeTmp

Run Build Command:"/usr/bin/make" "cmTC_6445b/fast"
/usr/bin/make -f CMakeFiles/cmTC_6445b.dir/build.make CMakeFiles/cmTC_6445b.dir/build
make[1]: Entering directory '/home/ppe2021/catkin_ws/build/CMakeFiles/CMakeTmp'
Building C object CMakeFiles/cmTC_6445b.dir/CheckFunctionExists.c.o
/usr/bin/cc    -DCHECK_FUNCTION_EXISTS=pthread_create   -o CMakeFiles/cmTC_6445b.dir/CheckFunctionExists.c.o   -c /usr/share/cmake-3.5/Modules/CheckFunctionExists.c
Linking C executable cmTC_6445b
/usr/bin/cmake -E cmake_link_script CMakeFiles/cmTC_6445b.dir/link.txt --verbose=1
/usr/bin/cc   -DCHECK_FUNCTION_EXISTS=pthread_create    CMakeFiles/cmTC_6445b.dir/CheckFunctionExists.c.o  -o cmTC_6445b -rdynamic -lpthreads 
/usr/bin/ld: cannot find -lpthreads
collect2: error: ld returned 1 exit status
CMakeFiles/cmTC_6445b.dir/build.make:97: recipe for target 'cmTC_6445b' failed
make[1]: *** [cmTC_6445b] Error 1
make[1]: Leaving directory '/home/ppe2021/catkin_ws/build/CMakeFiles/CMakeTmp'
Makefile:126: recipe for target 'cmTC_6445b/fast' failed
make: *** [cmTC_6445b/fast] Error 2


